#
# There is insufficient memory for the Java Runtime Environment to continue.
# Native memory allocation (mmap) failed to map 67108864 bytes for Failed to commit area from 0x00000000c0400000 to 0x00000000c4400000 of length 67108864.
# Possible reasons:
#   The system is out of physical RAM or swap space
#   The process is running with CompressedOops enabled, and the Java Heap may be blocking the growth of the native heap
# Possible solutions:
#   Reduce memory load on the system
#   Increase physical memory or swap space
#   Check if swap backing store is full
#   Decrease Java heap size (-Xmx/-Xms)
#   Decrease number of Java threads
#   Decrease Java thread stack sizes (-Xss)
#   Set larger code cache with -XX:ReservedCodeCacheSize=
# This output file may be truncated or incomplete.
#
#  Out of Memory Error (t:/workspace/open/src/hotspot/os/windows/os_windows.cpp:3301), pid=6128, tid=7664
#
# JRE version:  (13.0.1+9) (build )
# Java VM: Java HotSpot(TM) 64-Bit Server VM (13.0.1+9, mixed mode, aot, sharing, tiered, compressed oops, g1 gc, windows-amd64)
# No core dump will be written. Minidumps are not enabled by default on client versions of Windows
#

---------------  S U M M A R Y ------------

Command Line: -javaagent:C:\Program Files\JetBrains\IntelliJ IDEA Community Edition 2019.3.1\lib\idea_rt.jar=55056:C:\Program Files\JetBrains\IntelliJ IDEA Community Edition 2019.3.1\bin -Dfile.encoding=UTF-8 yuhnovskaya.Lab5.Strings.A2

Host: Intel(R) Core(TM) i3-2100 CPU @ 3.10GHz, 4 cores, 3G,  Windows 10 , 64 bit Build 18362 (10.0.18362.329)
Time: Thu Jan  9 23:54:06 2020 Aaea?onu (ceia) elapsed time: 0 seconds (0d 0h 0m 0s)

---------------  T H R E A D  ---------------

Current thread (0x000002310936e800):  JavaThread "Unknown thread" [_thread_in_vm, id=7664, stack(0x000000ef14100000,0x000000ef14200000)]

Stack: [0x000000ef14100000,0x000000ef14200000]
Native frames: (J=compiled Java code, j=interpreted, Vv=VM code, C=native code)
V  [jvm.dll+0x626eca]
V  [jvm.dll+0x772c6a]
V  [jvm.dll+0x77441f]
V  [jvm.dll+0x774a23]
V  [jvm.dll+0x24da58]
V  [jvm.dll+0x62438a]
V  [jvm.dll+0x618f75]
V  [jvm.dll+0x30c61c]
V  [jvm.dll+0x30c452]
V  [jvm.dll+0x311bc6]
V  [jvm.dll+0x355ce6]
V  [jvm.dll+0x3554c0]
V  [jvm.dll+0x2e729a]
V  [jvm.dll+0x2e8532]
V  [jvm.dll+0x74fcd8]
V  [jvm.dll+0x363739]
V  [jvm.dll+0x732dc5]
V  [jvm.dll+0x3ce2ef]
V  [jvm.dll+0x3d0611]
C  [jli.dll+0x51ff]
C  [ucrtbase.dll+0x20e72]
C  [KERNEL32.DLL+0x17bd4]
C  [ntdll.dll+0x6ced1]


---------------  P R O C E S S  ---------------

Threads class SMR info:
_java_thread_list=0x00007ff9e3e946b8, length=0, elements={
}

Java Threads: ( => current thread )

Other Threads:
  0x000002310939c000 GCTaskThread "GC Thread#0" [stack: 0x000000ef14200000,0x000000ef14300000] [id=2988]
  0x00000231093a6800 ConcurrentGCThread "G1 Main Marker" [stack: 0x000000ef14300000,0x000000ef14400000] [id=712]
  0x00000231093a7800 ConcurrentGCThread "G1 Conc#0" [stack: 0x000000ef14400000,0x000000ef14500000] [id=4340]

[error occurred during error reporting (printing all threads), id 0xc0000005, EXCEPTION_ACCESS_VIOLATION (0xc0000005) at pc=0x00007ff9e36c6f67]

VM state:not at safepoint (not fully initialized)

VM Mutex/Monitor currently owned by a thread:  ([mutex/lock_event])
[0x000002310936c0b0] Heap_lock - owner thread: 0x000002310936e800

Heap address: 0x00000000c0400000, size: 1020 MB, Compressed Oops mode: Non-zero based: 0x00000000c0400000
Narrow klass base: 0x0000000000000000, Narrow klass shift: 0

GC Heap History (0 events):
No events

Deoptimization events (0 events):
No events

Classes unloaded (0 events):
No events

Classes redefined (0 events):
No events

Internal exceptions (0 events):
No events

Events (8 events):
Event: 0.026 Loaded shared library C:\Program Files\Java\jdk-13.0.1\bin\zip.dll
Event: 0.026 Loaded shared library C:\Program Files\Java\jdk-13.0.1\bin\jimage.dll
Event: 0.028 Loading shared library C:\Program Files\Java\jdk-13.0.1\lib\libjava.base-coop.dll failed, error code 126
Event: 0.028 Loading shared library C:\Program Files\Java\jdk-13.0.1\lib\libjava.logging-coop.dll failed, error code 126
Event: 0.028 Loading shared library C:\Program Files\Java\jdk-13.0.1\lib\libjdk.compiler-coop.dll failed, error code 126
Event: 0.028 Loading shared library C:\Program Files\Java\jdk-13.0.1\lib\libjdk.scripting.nashorn-coop.dll failed, error code 126
Event: 0.028 Loading shared library C:\Program Files\Java\jdk-13.0.1\lib\libjdk.internal.vm.ci-coop.dll failed, error code 126
Event: 0.028 Loading shared library C:\Program Files\Java\jdk-13.0.1\lib\libjdk.internal.vm.compiler-coop.dll failed, error code 126


Dynamic libraries:
0x00007ff6e88d0000 - 0x00007ff6e88df000 	C:\Program Files\Java\jdk-13.0.1\bin\java.exe
0x00007ffa01940000 - 0x00007ffa01b30000 	C:\WINDOWS\SYSTEM32\ntdll.dll
0x00007ffa01670000 - 0x00007ffa01722000 	C:\WINDOWS\System32\KERNEL32.DLL
0x00007ff9fed80000 - 0x00007ff9ff023000 	C:\WINDOWS\System32\KERNELBASE.dll
0x00007ff9ff8c0000 - 0x00007ff9ff9ba000 	C:\WINDOWS\System32\ucrtbase.dll
0x00007ff9fa0c0000 - 0x00007ff9fa0d5000 	C:\Program Files\Java\jdk-13.0.1\bin\VCRUNTIME140.dll
0x00007ff9fae70000 - 0x00007ff9fae88000 	C:\Program Files\Java\jdk-13.0.1\bin\jli.dll
0x00007ffa015c0000 - 0x00007ffa01663000 	C:\WINDOWS\System32\ADVAPI32.dll
0x00007ffa00950000 - 0x00007ffa009ee000 	C:\WINDOWS\System32\msvcrt.dll
0x00007ffa00730000 - 0x00007ffa007c7000 	C:\WINDOWS\System32\sechost.dll
0x00007ffa00b80000 - 0x00007ffa00ca0000 	C:\WINDOWS\System32\RPCRT4.dll
0x00007ffa01370000 - 0x00007ffa01503000 	C:\WINDOWS\System32\USER32.dll
0x00007ff9ff030000 - 0x00007ff9ff051000 	C:\WINDOWS\System32\win32u.dll
0x00007ff9f04b0000 - 0x00007ff9f0735000 	C:\WINDOWS\WinSxS\amd64_microsoft.windows.common-controls_6595b64144ccf1df_6.0.18362.387_none_e6c5af5b130e4216\COMCTL32.dll
0x00007ffa00ae0000 - 0x00007ffa00b06000 	C:\WINDOWS\System32\GDI32.dll
0x00007ff9fe8f0000 - 0x00007ff9fea84000 	C:\WINDOWS\System32\gdi32full.dll
0x00007ffa00d30000 - 0x00007ffa01066000 	C:\WINDOWS\System32\combase.dll
0x00007ff9feac0000 - 0x00007ff9feb5e000 	C:\WINDOWS\System32\msvcp_win.dll
0x00007ff9ff840000 - 0x00007ff9ff8c0000 	C:\WINDOWS\System32\bcryptPrimitives.dll
0x00007ff9f4e00000 - 0x00007ff9f4e0a000 	C:\WINDOWS\SYSTEM32\VERSION.dll
0x00007ffa00520000 - 0x00007ffa0054e000 	C:\WINDOWS\System32\IMM32.DLL
0x00007ff9f86d0000 - 0x00007ff9f876b000 	C:\Program Files\Java\jdk-13.0.1\bin\msvcp140.dll
0x00007ff9e33d0000 - 0x00007ff9e3f36000 	C:\Program Files\Java\jdk-13.0.1\bin\server\jvm.dll
0x00007ffa00ca0000 - 0x00007ffa00ca8000 	C:\WINDOWS\System32\PSAPI.DLL
0x00007ff9fa440000 - 0x00007ff9fa449000 	C:\WINDOWS\SYSTEM32\WSOCK32.dll
0x00007ff9fc960000 - 0x00007ff9fc984000 	C:\WINDOWS\SYSTEM32\WINMM.dll
0x00007ffa007d0000 - 0x00007ffa0083f000 	C:\WINDOWS\System32\WS2_32.dll
0x00007ff9fc900000 - 0x00007ff9fc92d000 	C:\WINDOWS\SYSTEM32\winmmbase.dll
0x00007ff9fe8a0000 - 0x00007ff9fe8ea000 	C:\WINDOWS\System32\cfgmgr32.dll
0x00007ff9fe860000 - 0x00007ff9fe871000 	C:\WINDOWS\System32\kernel.appcore.dll
0x00007ff9fa990000 - 0x00007ff9fa9a0000 	C:\Program Files\Java\jdk-13.0.1\bin\verify.dll
0x00007ff9e1490000 - 0x00007ff9e1684000 	C:\WINDOWS\SYSTEM32\DBGHELP.DLL
0x00007ff9e95b0000 - 0x00007ff9e95da000 	C:\WINDOWS\SYSTEM32\dbgcore.DLL
0x00007ff9fa090000 - 0x00007ff9fa0b6000 	C:\Program Files\Java\jdk-13.0.1\bin\java.dll
0x00007ff9f8670000 - 0x00007ff9f867e000 	C:\Program Files\Java\jdk-13.0.1\bin\instrument.dll
0x00007ff9f9e00000 - 0x00007ff9f9e17000 	C:\Program Files\Java\jdk-13.0.1\bin\zip.dll
0x00007ff9fa120000 - 0x00007ff9fa12a000 	C:\Program Files\Java\jdk-13.0.1\bin\jimage.dll

dbghelp: loaded successfully - version: 4.0.5 - missing functions: none
symbol engine: initialized successfully - sym options: 0x614 - pdb path: .;C:\Program Files\Java\jdk-13.0.1\bin;C:\WINDOWS\SYSTEM32;C:\WINDOWS\WinSxS\amd64_microsoft.windows.common-controls_6595b64144ccf1df_6.0.18362.387_none_e6c5af5b130e4216;C:\Program Files\Java\jdk-13.0.1\bin\server

VM Arguments:
jvm_args: -javaagent:C:\Program Files\JetBrains\IntelliJ IDEA Community Edition 2019.3.1\lib\idea_rt.jar=55056:C:\Program Files\JetBrains\IntelliJ IDEA Community Edition 2019.3.1\bin -Dfile.encoding=UTF-8 
java_command: yuhnovskaya.Lab5.Strings.A2
java_class_path (initial): C:\Users\Nata\IdeaProjects\M-JC1-25-19\out\production\M-JC1-25-19
Launcher Type: SUN_STANDARD

[Global flags]
     intx CICompilerCount                          = 3                                         {product} {ergonomic}
     uint ConcGCThreads                            = 1                                         {product} {ergonomic}
     uint G1ConcRefinementThreads                  = 4                                         {product} {ergonomic}
   size_t G1HeapRegionSize                         = 1048576                                   {product} {ergonomic}
    uintx GCDrainStackTargetSize                   = 64                                        {product} {ergonomic}
   size_t InitialHeapSize                          = 67108864                                  {product} {ergonomic}
   size_t MarkStackSize                            = 4194304                                   {product} {ergonomic}
   size_t MaxHeapSize                              = 1069547520                                {product} {ergonomic}
   size_t MinHeapDeltaBytes                        = 1048576                                   {product} {ergonomic}
   size_t MinHeapSize                              = 8388608                                   {product} {ergonomic}
    uintx NonNMethodCodeHeapSize                   = 5830732                                {pd product} {ergonomic}
    uintx NonProfiledCodeHeapSize                  = 122913754                              {pd product} {ergonomic}
    uintx ProfiledCodeHeapSize                     = 122913754                              {pd product} {ergonomic}
    uintx ReservedCodeCacheSize                    = 251658240                              {pd product} {ergonomic}
     bool SegmentedCodeCache                       = true                                      {product} {ergonomic}
   size_t SoftMaxHeapSize                          = 1069547520                             {manageable} {ergonomic}
     bool UseCompressedClassPointers               = true                                 {lp64_product} {ergonomic}
     bool UseCompressedOops                        = true                                 {lp64_product} {ergonomic}
     bool UseG1GC                                  = true                                      {product} {ergonomic}
     bool UseLargePagesIndividualAllocation        = false                                  {pd product} {ergonomic}

Logging:
Log output configuration:
 #0: stdout all=warning uptime,level,tags
 #1: stderr all=off uptime,level,tags

Environment Variables:
JAVA_HOME=;%JAVA_HOME%\bin
PATH=C:\Program Files (x86)\Common Files\Oracle\Java\javapath;C:\WINDOWS\system32;C:\WINDOWS;C:\WINDOWS\System32\Wbem;C:\WINDOWS\System32\WindowsPowerShell\v1.0\;C:\Program Files\Git\cmd;C:\Users\Nata\AppData\Local\Microsoft\WindowsApps;
USERNAME=Nata
OS=Windows_NT
PROCESSOR_IDENTIFIER=Intel64 Family 6 Model 42 Stepping 7, GenuineIntel



---------------  S Y S T E M  ---------------

OS: Windows 10 , 64 bit Build 18362 (10.0.18362.329)

CPU:total 4 (initial active 4) (2 cores per cpu, 2 threads per core) family 6 model 42 stepping 7, cmov, cx8, fxsr, mmx, sse, sse2, sse3, ssse3, sse4.1, sse4.2, popcnt, avx, clmul, ht, tsc, tscinvbit

Memory: 4k page, system-wide physical 4078M (353M free)
TotalPageFile size 4078M (AvailPageFile size 62M)
current process WorkingSet (physical memory assigned to process): 10M, peak: 10M
current process commit charge ("private bytes"): 51M, peak: 115M

vm_info: Java HotSpot(TM) 64-Bit Server VM (13.0.1+9) for windows-amd64 JRE (13.0.1+9), built on Oct  6 2019 12:37:49 by "mach5one" with unknown MS VC++:1916

END.
