#
# There is insufficient memory for the Java Runtime Environment to continue.
# Native memory allocation (mmap) failed to map 67108864 bytes for Failed to commit area from 0x00000000c0400000 to 0x00000000c4400000 of length 67108864.
# Possible reasons:
#   The system is out of physical RAM or swap space
#   The process is running with CompressedOops enabled, and the Java Heap may be blocking the growth of the native heap
# Possible solutions:
#   Reduce memory load on the system
#   Increase physical memory or swap space
#   Check if swap backing store is full
#   Decrease Java heap size (-Xmx/-Xms)
#   Decrease number of Java threads
#   Decrease Java thread stack sizes (-Xss)
#   Set larger code cache with -XX:ReservedCodeCacheSize=
# This output file may be truncated or incomplete.
#
#  Out of Memory Error (t:/workspace/open/src/hotspot/os/windows/os_windows.cpp:3301), pid=3224, tid=6672
#
# JRE version:  (13.0.1+9) (build )
# Java VM: Java HotSpot(TM) 64-Bit Server VM (13.0.1+9, mixed mode, aot, sharing, tiered, compressed oops, g1 gc, windows-amd64)
# No core dump will be written. Minidumps are not enabled by default on client versions of Windows
#

---------------  S U M M A R Y ------------

Command Line: -javaagent:C:\Program Files\JetBrains\IntelliJ IDEA Community Edition 2019.3.1\lib\idea_rt.jar=51550:C:\Program Files\JetBrains\IntelliJ IDEA Community Edition 2019.3.1\bin -Dfile.encoding=UTF-8 yuhnovskaya.Les2_A1

Host: Intel(R) Core(TM) i3-2100 CPU @ 3.10GHz, 4 cores, 3G,  Windows 10 , 64 bit Build 18362 (10.0.18362.329)
Time: Sun Dec 22 20:16:54 2019 Aaea?onu (ceia) elapsed time: 0 seconds (0d 0h 0m 0s)

---------------  T H R E A D  ---------------

Current thread (0x000001c8b778e800):  JavaThread "Unknown thread" [_thread_in_vm, id=6672, stack(0x00000087a3500000,0x00000087a3600000)]

Stack: [0x00000087a3500000,0x00000087a3600000]
Native frames: (J=compiled Java code, j=interpreted, Vv=VM code, C=native code)
V  [jvm.dll+0x626eca]
V  [jvm.dll+0x772c6a]
V  [jvm.dll+0x77441f]
V  [jvm.dll+0x774a23]
V  [jvm.dll+0x24da58]
V  [jvm.dll+0x62438a]
V  [jvm.dll+0x618f75]
V  [jvm.dll+0x30c61c]
V  [jvm.dll+0x30c452]
V  [jvm.dll+0x311bc6]
V  [jvm.dll+0x355ce6]
V  [jvm.dll+0x3554c0]
V  [jvm.dll+0x2e729a]
V  [jvm.dll+0x2e8532]
V  [jvm.dll+0x74fcd8]
V  [jvm.dll+0x363739]
V  [jvm.dll+0x732dc5]
V  [jvm.dll+0x3ce2ef]
V  [jvm.dll+0x3d0611]
C  [jli.dll+0x51ff]
C  [ucrtbase.dll+0x20e72]
C  [KERNEL32.DLL+0x17bd4]
C  [ntdll.dll+0x6ced1]


---------------  P R O C E S S  ---------------

Threads class SMR info:
_java_thread_list=0x00007ffc719146b8, length=0, elements={
}

Java Threads: ( => current thread )

Other Threads:
  0x000001c8b77c0000 GCTaskThread "GC Thread#0" [stack: 0x00000087a3600000,0x00000087a3700000] [id=4312]
  0x000001c8b77c9800 ConcurrentGCThread "G1 Main Marker" [stack: 0x00000087a3700000,0x00000087a3800000] [id=9204]
  0x000001c8b77cb800 ConcurrentGCThread "G1 Conc#0" [stack: 0x00000087a3800000,0x00000087a3900000] [id=6356]

[error occurred during error reporting (printing all threads), id 0xc0000005, EXCEPTION_ACCESS_VIOLATION (0xc0000005) at pc=0x00007ffc71146f67]

VM state:not at safepoint (not fully initialized)

VM Mutex/Monitor currently owned by a thread:  ([mutex/lock_event])
[0x000001c8b778a4a0] Heap_lock - owner thread: 0x000001c8b778e800

Heap address: 0x00000000c0400000, size: 1020 MB, Compressed Oops mode: Non-zero based: 0x00000000c0400000
Narrow klass base: 0x0000000000000000, Narrow klass shift: 0

GC Heap History (0 events):
No events

Deoptimization events (0 events):
No events

Classes unloaded (0 events):
No events

Classes redefined (0 events):
No events

Internal exceptions (0 events):
No events

Events (8 events):
Event: 0.020 Loaded shared library C:\Program Files\Java\jdk-13.0.1\bin\zip.dll
Event: 0.021 Loaded shared library C:\Program Files\Java\jdk-13.0.1\bin\jimage.dll
Event: 0.023 Loading shared library C:\Program Files\Java\jdk-13.0.1\lib\libjava.base-coop.dll failed, error code 126
Event: 0.023 Loading shared library C:\Program Files\Java\jdk-13.0.1\lib\libjava.logging-coop.dll failed, error code 126
Event: 0.023 Loading shared library C:\Program Files\Java\jdk-13.0.1\lib\libjdk.compiler-coop.dll failed, error code 126
Event: 0.023 Loading shared library C:\Program Files\Java\jdk-13.0.1\lib\libjdk.scripting.nashorn-coop.dll failed, error code 126
Event: 0.023 Loading shared library C:\Program Files\Java\jdk-13.0.1\lib\libjdk.internal.vm.ci-coop.dll failed, error code 126
Event: 0.023 Loading shared library C:\Program Files\Java\jdk-13.0.1\lib\libjdk.internal.vm.compiler-coop.dll failed, error code 126


Dynamic libraries:
0x00007ff7a10f0000 - 0x00007ff7a10ff000 	C:\Program Files\Java\jdk-13.0.1\bin\java.exe
0x00007ffc95520000 - 0x00007ffc95710000 	C:\WINDOWS\SYSTEM32\ntdll.dll
0x00007ffc94d90000 - 0x00007ffc94e42000 	C:\WINDOWS\System32\KERNEL32.DLL
0x00007ffc93050000 - 0x00007ffc932f3000 	C:\WINDOWS\System32\KERNELBASE.dll
0x00007ffc854a0000 - 0x00007ffc854b5000 	C:\Program Files\Java\jdk-13.0.1\bin\VCRUNTIME140.dll
0x00007ffc85480000 - 0x00007ffc85498000 	C:\Program Files\Java\jdk-13.0.1\bin\jli.dll
0x00007ffc93370000 - 0x00007ffc9346a000 	C:\WINDOWS\System32\ucrtbase.dll
0x00007ffc93b90000 - 0x00007ffc93c33000 	C:\WINDOWS\System32\ADVAPI32.dll
0x00007ffc93750000 - 0x00007ffc937ee000 	C:\WINDOWS\System32\msvcrt.dll
0x00007ffc94e50000 - 0x00007ffc94ee7000 	C:\WINDOWS\System32\sechost.dll
0x00007ffc93ca0000 - 0x00007ffc93dc0000 	C:\WINDOWS\System32\RPCRT4.dll
0x00007ffc93800000 - 0x00007ffc93993000 	C:\WINDOWS\System32\USER32.dll
0x00007ffc93020000 - 0x00007ffc93041000 	C:\WINDOWS\System32\win32u.dll
0x00007ffc87a00000 - 0x00007ffc87c85000 	C:\WINDOWS\WinSxS\amd64_microsoft.windows.common-controls_6595b64144ccf1df_6.0.18362.387_none_e6c5af5b130e4216\COMCTL32.dll
0x00007ffc953d0000 - 0x00007ffc953f6000 	C:\WINDOWS\System32\GDI32.dll
0x00007ffc948d0000 - 0x00007ffc94c06000 	C:\WINDOWS\System32\combase.dll
0x00007ffc92e80000 - 0x00007ffc93014000 	C:\WINDOWS\System32\gdi32full.dll
0x00007ffc924e0000 - 0x00007ffc9257e000 	C:\WINDOWS\System32\msvcp_win.dll
0x00007ffc93520000 - 0x00007ffc935a0000 	C:\WINDOWS\System32\bcryptPrimitives.dll
0x00007ffc887f0000 - 0x00007ffc887fa000 	C:\WINDOWS\SYSTEM32\VERSION.dll
0x00007ffc94c70000 - 0x00007ffc94c9e000 	C:\WINDOWS\System32\IMM32.DLL
0x00007ffc7e0f0000 - 0x00007ffc7e18b000 	C:\Program Files\Java\jdk-13.0.1\bin\msvcp140.dll
0x00007ffc70e50000 - 0x00007ffc719b6000 	C:\Program Files\Java\jdk-13.0.1\bin\server\jvm.dll
0x00007ffc93e50000 - 0x00007ffc93e58000 	C:\WINDOWS\System32\PSAPI.DLL
0x00007ffc8c8b0000 - 0x00007ffc8c8b9000 	C:\WINDOWS\SYSTEM32\WSOCK32.dll
0x00007ffc8ca50000 - 0x00007ffc8ca74000 	C:\WINDOWS\SYSTEM32\WINMM.dll
0x00007ffc95360000 - 0x00007ffc953cf000 	C:\WINDOWS\System32\WS2_32.dll
0x00007ffc85270000 - 0x00007ffc8529d000 	C:\WINDOWS\SYSTEM32\winmmbase.dll
0x00007ffc93320000 - 0x00007ffc9336a000 	C:\WINDOWS\System32\cfgmgr32.dll
0x00007ffc923d0000 - 0x00007ffc923e1000 	C:\WINDOWS\System32\kernel.appcore.dll
0x00007ffc8acc0000 - 0x00007ffc8acd0000 	C:\Program Files\Java\jdk-13.0.1\bin\verify.dll
0x00007ffc735a0000 - 0x00007ffc73794000 	C:\WINDOWS\SYSTEM32\DBGHELP.DLL
0x00007ffc854c0000 - 0x00007ffc854ea000 	C:\WINDOWS\SYSTEM32\dbgcore.DLL
0x00007ffc7b550000 - 0x00007ffc7b576000 	C:\Program Files\Java\jdk-13.0.1\bin\java.dll
0x00007ffc88330000 - 0x00007ffc8833e000 	C:\Program Files\Java\jdk-13.0.1\bin\instrument.dll
0x00007ffc85460000 - 0x00007ffc85477000 	C:\Program Files\Java\jdk-13.0.1\bin\zip.dll
0x00007ffc88dd0000 - 0x00007ffc88dda000 	C:\Program Files\Java\jdk-13.0.1\bin\jimage.dll

dbghelp: loaded successfully - version: 4.0.5 - missing functions: none
symbol engine: initialized successfully - sym options: 0x614 - pdb path: .;C:\Program Files\Java\jdk-13.0.1\bin;C:\WINDOWS\SYSTEM32;C:\WINDOWS\WinSxS\amd64_microsoft.windows.common-controls_6595b64144ccf1df_6.0.18362.387_none_e6c5af5b130e4216;C:\Program Files\Java\jdk-13.0.1\bin\server

VM Arguments:
jvm_args: -javaagent:C:\Program Files\JetBrains\IntelliJ IDEA Community Edition 2019.3.1\lib\idea_rt.jar=51550:C:\Program Files\JetBrains\IntelliJ IDEA Community Edition 2019.3.1\bin -Dfile.encoding=UTF-8 
java_command: yuhnovskaya.Les2_A1
java_class_path (initial): C:\Users\Nata\IdeaProjects\M-JC1-25-19\out\production\M-JC1-25-19
Launcher Type: SUN_STANDARD

[Global flags]
     intx CICompilerCount                          = 3                                         {product} {ergonomic}
     uint ConcGCThreads                            = 1                                         {product} {ergonomic}
     uint G1ConcRefinementThreads                  = 4                                         {product} {ergonomic}
   size_t G1HeapRegionSize                         = 1048576                                   {product} {ergonomic}
    uintx GCDrainStackTargetSize                   = 64                                        {product} {ergonomic}
   size_t InitialHeapSize                          = 67108864                                  {product} {ergonomic}
   size_t MarkStackSize                            = 4194304                                   {product} {ergonomic}
   size_t MaxHeapSize                              = 1069547520                                {product} {ergonomic}
   size_t MinHeapDeltaBytes                        = 1048576                                   {product} {ergonomic}
   size_t MinHeapSize                              = 8388608                                   {product} {ergonomic}
    uintx NonNMethodCodeHeapSize                   = 5830732                                {pd product} {ergonomic}
    uintx NonProfiledCodeHeapSize                  = 122913754                              {pd product} {ergonomic}
    uintx ProfiledCodeHeapSize                     = 122913754                              {pd product} {ergonomic}
    uintx ReservedCodeCacheSize                    = 251658240                              {pd product} {ergonomic}
     bool SegmentedCodeCache                       = true                                      {product} {ergonomic}
   size_t SoftMaxHeapSize                          = 1069547520                             {manageable} {ergonomic}
     bool UseCompressedClassPointers               = true                                 {lp64_product} {ergonomic}
     bool UseCompressedOops                        = true                                 {lp64_product} {ergonomic}
     bool UseG1GC                                  = true                                      {product} {ergonomic}
     bool UseLargePagesIndividualAllocation        = false                                  {pd product} {ergonomic}

Logging:
Log output configuration:
 #0: stdout all=warning uptime,level,tags
 #1: stderr all=off uptime,level,tags

Environment Variables:
JAVA_HOME=;%JAVA_HOME%\bin
PATH=C:\Program Files (x86)\Common Files\Oracle\Java\javapath;C:\WINDOWS\system32;C:\WINDOWS;C:\WINDOWS\System32\Wbem;C:\WINDOWS\System32\WindowsPowerShell\v1.0\;C:\Program Files\Git\cmd;C:\Users\Nata\AppData\Local\Microsoft\WindowsApps;
USERNAME=Nata
OS=Windows_NT
PROCESSOR_IDENTIFIER=Intel64 Family 6 Model 42 Stepping 7, GenuineIntel



---------------  S Y S T E M  ---------------

OS: Windows 10 , 64 bit Build 18362 (10.0.18362.329)

CPU:total 4 (initial active 4) (2 cores per cpu, 2 threads per core) family 6 model 42 stepping 7, cmov, cx8, fxsr, mmx, sse, sse2, sse3, ssse3, sse4.1, sse4.2, popcnt, avx, clmul, ht, tsc, tscinvbit

Memory: 4k page, system-wide physical 4078M (281M free)
TotalPageFile size 4078M (AvailPageFile size 16M)
current process WorkingSet (physical memory assigned to process): 10M, peak: 10M
current process commit charge ("private bytes"): 51M, peak: 115M

vm_info: Java HotSpot(TM) 64-Bit Server VM (13.0.1+9) for windows-amd64 JRE (13.0.1+9), built on Oct  6 2019 12:37:49 by "mach5one" with unknown MS VC++:1916

END.
