#
# There is insufficient memory for the Java Runtime Environment to continue.
# Native memory allocation (mmap) failed to map 67108864 bytes for Failed to commit area from 0x00000000c0400000 to 0x00000000c4400000 of length 67108864.
# Possible reasons:
#   The system is out of physical RAM or swap space
#   The process is running with CompressedOops enabled, and the Java Heap may be blocking the growth of the native heap
# Possible solutions:
#   Reduce memory load on the system
#   Increase physical memory or swap space
#   Check if swap backing store is full
#   Decrease Java heap size (-Xmx/-Xms)
#   Decrease number of Java threads
#   Decrease Java thread stack sizes (-Xss)
#   Set larger code cache with -XX:ReservedCodeCacheSize=
# This output file may be truncated or incomplete.
#
#  Out of Memory Error (c:/BuildAgent/work/5ff2f6c26000d570/src/hotspot/os/windows/os_windows.cpp:3291), pid=6480, tid=7828
#
# JRE version:  (11.0.5+10) (build )
# Java VM: OpenJDK 64-Bit Server VM (11.0.5+10-b520.17, mixed mode, aot, sharing, tiered, compressed oops, g1 gc, windows-amd64)
# No core dump will be written. Minidumps are not enabled by default on client versions of Windows
#

---------------  S U M M A R Y ------------

Command Line: org.jetbrains.git4idea.http.GitAskPassApp Username for 'https://github.com': 

Host: Intel(R) Core(TM) i3-2100 CPU @ 3.10GHz, 4 cores, 3G,  Windows 10 , 64 bit Build 18362 (10.0.18362.329)
Time: Mon Dec 23 14:29:57 2019 Aaea?onu (ceia) elapsed time: 0 seconds (0d 0h 0m 0s)

---------------  T H R E A D  ---------------

Current thread (0x000002184cad8000):  JavaThread "Unknown thread" [_thread_in_vm, id=7828, stack(0x00000094ba200000,0x00000094ba300000)]

Stack: [0x00000094ba200000,0x00000094ba300000]
Native frames: (J=compiled Java code, j=interpreted, Vv=VM code, C=native code)
V  [jvm.dll+0x5dcafa]
V  [jvm.dll+0x70e375]
V  [jvm.dll+0x70f898]
V  [jvm.dll+0x70ff63]
V  [jvm.dll+0x23e238]
V  [jvm.dll+0x5da1c4]
V  [jvm.dll+0x5cf265]
V  [jvm.dll+0x2fac3b]
V  [jvm.dll+0x2fabaa]
V  [jvm.dll+0x2faa82]
V  [jvm.dll+0x2ff956]
V  [jvm.dll+0x3480d3]
V  [jvm.dll+0x3487d6]
V  [jvm.dll+0x3481d3]
V  [jvm.dll+0x2d5548]
V  [jvm.dll+0x2d66e7]
V  [jvm.dll+0x6ed237]
V  [jvm.dll+0x6eea2c]
V  [jvm.dll+0x355849]
V  [jvm.dll+0x6d239e]
V  [jvm.dll+0x3be283]
V  [jvm.dll+0x3c0701]
C  [jli.dll+0x5363]
C  [ucrtbase.dll+0x20e72]
C  [KERNEL32.DLL+0x17bd4]
C  [ntdll.dll+0x6ced1]


---------------  P R O C E S S  ---------------

Threads class SMR info:
_java_thread_list=0x000002184a876470, length=0, elements={
}

Java Threads: ( => current thread )

Other Threads:
  0x000002184caf3000 GCTaskThread "GC Thread#0" [stack: 0x00000094ba300000,0x00000094ba400000] [id=8744]
  0x000002184cb0f000 ConcurrentGCThread "G1 Main Marker" [stack: 0x00000094ba400000,0x00000094ba500000] [id=7216]
  0x000002184cb11800 ConcurrentGCThread "G1 Conc#0" [stack: 0x00000094ba500000,0x00000094ba600000] [id=8548]

[error occurred during error reporting (printing all threads), id 0xc0000005, EXCEPTION_ACCESS_VIOLATION (0xc0000005) at pc=0x00007ff8ba2c5c17]

VM state:not at safepoint (not fully initialized)

VM Mutex/Monitor currently owned by a thread:  ([mutex/lock_event])
[0x000002184cad62b0] Heap_lock - owner thread: 0x000002184cad8000

Heap address: 0x00000000c0400000, size: 1020 MB, Compressed Oops mode: Non-zero based: 0x00000000c0400000
Narrow klass base: 0x0000000000000000, Narrow klass shift: 0

GC Heap History (0 events):
No events

Deoptimization events (0 events):
No events

Classes redefined (0 events):
No events

Internal exceptions (0 events):
No events

Events (0 events):
No events


Dynamic libraries:
0x00007ff6c15c0000 - 0x00007ff6c15ca000 	C:\Program Files\JetBrains\IntelliJ IDEA Community Edition 2019.3.1\jbr\bin\java.exe
0x00007ff8d8de0000 - 0x00007ff8d8fd0000 	C:\WINDOWS\SYSTEM32\ntdll.dll
0x00007ff8d7df0000 - 0x00007ff8d7ea2000 	C:\WINDOWS\System32\KERNEL32.DLL
0x00007ff8d5d40000 - 0x00007ff8d5fe3000 	C:\WINDOWS\System32\KERNELBASE.dll
0x00007ff8d6d60000 - 0x00007ff8d6e5a000 	C:\WINDOWS\System32\ucrtbase.dll
0x00007ff8c91f0000 - 0x00007ff8c9209000 	C:\Program Files\JetBrains\IntelliJ IDEA Community Edition 2019.3.1\jbr\bin\jli.dll
0x00007ff8d7210000 - 0x00007ff8d73a3000 	C:\WINDOWS\System32\USER32.dll
0x00007ff8d6d30000 - 0x00007ff8d6d51000 	C:\WINDOWS\System32\win32u.dll
0x00007ff8c70d0000 - 0x00007ff8c7355000 	C:\WINDOWS\WinSxS\amd64_microsoft.windows.common-controls_6595b64144ccf1df_6.0.18362.387_none_e6c5af5b130e4216\COMCTL32.dll
0x00007ff8d76b0000 - 0x00007ff8d76d6000 	C:\WINDOWS\System32\GDI32.dll
0x00007ff8d6e60000 - 0x00007ff8d6efe000 	C:\WINDOWS\System32\msvcrt.dll
0x00007ff8d6070000 - 0x00007ff8d6204000 	C:\WINDOWS\System32\gdi32full.dll
0x00007ff8d6c90000 - 0x00007ff8d6d2e000 	C:\WINDOWS\System32\msvcp_win.dll
0x00007ff8d87b0000 - 0x00007ff8d8ae6000 	C:\WINDOWS\System32\combase.dll
0x00007ff8d76e0000 - 0x00007ff8d7800000 	C:\WINDOWS\System32\RPCRT4.dll
0x00007ff8d5ff0000 - 0x00007ff8d6070000 	C:\WINDOWS\System32\bcryptPrimitives.dll
0x00007ff8c91d0000 - 0x00007ff8c91e7000 	C:\Program Files\JetBrains\IntelliJ IDEA Community Edition 2019.3.1\jbr\bin\VCRUNTIME140.dll
0x00007ff8d70d0000 - 0x00007ff8d70fe000 	C:\WINDOWS\System32\IMM32.DLL
0x00007ff8c5d50000 - 0x00007ff8c5ded000 	C:\Program Files\JetBrains\IntelliJ IDEA Community Edition 2019.3.1\jbr\bin\msvcp140.dll
0x00007ff8b9fe0000 - 0x00007ff8baa9b000 	C:\Program Files\JetBrains\IntelliJ IDEA Community Edition 2019.3.1\jbr\bin\server\jvm.dll
0x00007ff8d8700000 - 0x00007ff8d87a3000 	C:\WINDOWS\System32\ADVAPI32.dll
0x00007ff8d78d0000 - 0x00007ff8d7967000 	C:\WINDOWS\System32\sechost.dll
0x00007ff8d7560000 - 0x00007ff8d7568000 	C:\WINDOWS\System32\PSAPI.DLL
0x00007ff8d11a0000 - 0x00007ff8d11a9000 	C:\WINDOWS\SYSTEM32\WSOCK32.dll
0x00007ff8d7860000 - 0x00007ff8d78cf000 	C:\WINDOWS\System32\WS2_32.dll
0x00007ff8d3e00000 - 0x00007ff8d3e24000 	C:\WINDOWS\SYSTEM32\WINMM.dll
0x00007ff8d3da0000 - 0x00007ff8d3dcd000 	C:\WINDOWS\SYSTEM32\winmmbase.dll
0x00007ff8cb620000 - 0x00007ff8cb62a000 	C:\WINDOWS\SYSTEM32\VERSION.dll
0x00007ff8d6210000 - 0x00007ff8d625a000 	C:\WINDOWS\System32\cfgmgr32.dll
0x00007ff8d5d20000 - 0x00007ff8d5d31000 	C:\WINDOWS\System32\kernel.appcore.dll
0x00007ff8d0770000 - 0x00007ff8d0781000 	C:\Program Files\JetBrains\IntelliJ IDEA Community Edition 2019.3.1\jbr\bin\verify.dll
0x00007ff8b80b0000 - 0x00007ff8b82a4000 	C:\WINDOWS\SYSTEM32\DBGHELP.DLL
0x00007ff8c5100000 - 0x00007ff8c512a000 	C:\WINDOWS\SYSTEM32\dbgcore.DLL
0x00007ff8cf790000 - 0x00007ff8cf7b9000 	C:\Program Files\JetBrains\IntelliJ IDEA Community Edition 2019.3.1\jbr\bin\java.dll
0x00007ff8d0250000 - 0x00007ff8d0267000 	C:\Program Files\JetBrains\IntelliJ IDEA Community Edition 2019.3.1\jbr\bin\zip.dll
0x00007ff8d0bc0000 - 0x00007ff8d0bcb000 	C:\Program Files\JetBrains\IntelliJ IDEA Community Edition 2019.3.1\jbr\bin\jimage.dll

dbghelp: loaded successfully - version: 4.0.5 - missing functions: none
symbol engine: initialized successfully - sym options: 0x614 - pdb path: .;C:\Program Files\JetBrains\IntelliJ IDEA Community Edition 2019.3.1\jbr\bin;C:\WINDOWS\SYSTEM32;C:\WINDOWS\WinSxS\amd64_microsoft.windows.common-controls_6595b64144ccf1df_6.0.18362.387_none_e6c5af5b130e4216;C:\Program Files\JetBrains\IntelliJ IDEA Community Edition 2019.3.1\jbr\bin\server

VM Arguments:
java_command: org.jetbrains.git4idea.http.GitAskPassApp Username for 'https://github.com': 
java_class_path (initial): C:/Program Files/JetBrains/IntelliJ IDEA Community Edition 2019.3.1/plugins/git4idea/lib/git4idea-rt.jar;C:/Program Files/JetBrains/IntelliJ IDEA Community Edition 2019.3.1/lib/xmlrpc-2.0.1.jar;C:/Program Files/JetBrains/IntelliJ IDEA Community Edition 2019.3.1/lib/commons-codec-1.13.jar;C:/Program Files/JetBrains/IntelliJ IDEA Community Edition 2019.3.1/lib/util.jar
Launcher Type: SUN_STANDARD

[Global flags]
     intx CICompilerCount                          = 3                                         {product} {ergonomic}
     uint ConcGCThreads                            = 1                                         {product} {ergonomic}
     uint G1ConcRefinementThreads                  = 4                                         {product} {ergonomic}
   size_t G1HeapRegionSize                         = 1048576                                   {product} {ergonomic}
    uintx GCDrainStackTargetSize                   = 64                                        {product} {ergonomic}
   size_t InitialHeapSize                          = 67108864                                  {product} {ergonomic}
   size_t MarkStackSize                            = 4194304                                   {product} {ergonomic}
   size_t MaxHeapSize                              = 1069547520                                {product} {ergonomic}
   size_t MinHeapDeltaBytes                        = 1048576                                   {product} {ergonomic}
    uintx NonNMethodCodeHeapSize                   = 5830732                                {pd product} {ergonomic}
    uintx NonProfiledCodeHeapSize                  = 122913754                              {pd product} {ergonomic}
    uintx ProfiledCodeHeapSize                     = 122913754                              {pd product} {ergonomic}
    uintx ReservedCodeCacheSize                    = 251658240                              {pd product} {ergonomic}
     bool SegmentedCodeCache                       = true                                      {product} {ergonomic}
     bool UseCompressedClassPointers               = true                                 {lp64_product} {ergonomic}
     bool UseCompressedOops                        = true                                 {lp64_product} {ergonomic}
     bool UseG1GC                                  = true                                      {product} {ergonomic}
     bool UseLargePagesIndividualAllocation        = false                                  {pd product} {ergonomic}

Logging:
Log output configuration:
 #0: stdout all=warning uptime,level,tags
 #1: stderr all=off uptime,level,tags

Environment Variables:
JAVA_HOME=;%JAVA_HOME%\bin
PATH=C:\Program Files\Git\mingw64\libexec\git-core;C:\Program Files\Git\mingw64\libexec\git-core;C:\Program Files\Git\mingw64\bin;C:\Program Files\Git\usr\bin;C:\Users\Nata\bin;C:\Program Files (x86)\Common Files\Oracle\Java\javapath;C:\WINDOWS\system32;C:\WINDOWS;C:\WINDOWS\System32\Wbem;C:\WINDOWS\System32\WindowsPowerShell\v1.0;C:\Program Files\Git\cmd;C:\Users\Nata\AppData\Local\Microsoft\WindowsApps
USERNAME=Nata
DISPLAY=:0.0
OS=Windows_NT
PROCESSOR_IDENTIFIER=Intel64 Family 6 Model 42 Stepping 7, GenuineIntel



---------------  S Y S T E M  ---------------

OS: Windows 10 , 64 bit Build 18362 (10.0.18362.329)

CPU:total 4 (initial active 4) (2 cores per cpu, 2 threads per core) family 6 model 42 stepping 7, cmov, cx8, fxsr, mmx, sse, sse2, sse3, ssse3, sse4.1, sse4.2, popcnt, avx, clmul, ht, tsc, tscinvbit

Memory: 4k page, system-wide physical 4078M (206M free)
TotalPageFile size 4078M (AvailPageFile size 17M)
current process WorkingSet (physical memory assigned to process): 9M, peak: 9M
current process commit charge ("private bytes"): 51M, peak: 115M

vm_info: OpenJDK 64-Bit Server VM (11.0.5+10-b520.17) for windows-amd64 JRE (11.0.5+10-b520.17), built on Dec  2 2019 12:11:34 by "" with MS VC++ 14.0 (VS2015)

END.
